[kayke-rodrigues.pages.net.br/index.html]
[backblue.gif]
[fade.gif]
[index.html]
[cdn.greatpages.com.br/kayke-rodrigues.pages.net.br/1709557181/imagens/desktop/500053_1_170920719565e06e9b7bce6563972819.png]
[cdn.greatpages.com.br/kayke-rodrigues.pages.net.br/1709557181/imagens/desktop/500053_1_170920719565e06e9b88f62626241341.png]
[cdn.greatpages.com.br/kayke-rodrigues.pages.net.br/1709557181/imagens/desktop/500053_1_170921156606490636.png]
[cdn.greatpages.com.br/kayke-rodrigues.pages.net.br/1709557181/imagens/desktop/500053_1_170921168386732267.png]
[cdn.greatpages.com.br/kayke-rodrigues.pages.net.br/1709557181/imagens/desktop/500053_1_170921169946762884.png]
[cdn.greatpages.com.br/kayke-rodrigues.pages.net.br/1709557181/imagens/desktop/500053_1_170929433086526914.jpg]
[cdn.greatpages.com.br/kayke-rodrigues.pages.net.br/1709557181/imagens/desktop/500053_1_170929460281225194.jpg]
[cdn.greatpages.com.br/kayke-rodrigues.pages.net.br/1709557181/imagens/desktop/500053_1_170929467123361818.jpg]
[cdn.greatpages.com.br/kayke-rodrigues.pages.net.br/1709557181/imagens/desktop/500053_1_170929471291085486.jpg]
[cdn.greatpages.com.br/kayke-rodrigues.pages.net.br/1709557181/imagens/desktop/500053_1_170929477642148878.jpg]
[cdn.greatpages.com.br/kayke-rodrigues.pages.net.br/1709557181/imagens/desktop/500053_1_170929628626927956.png]
[cdn.greatpages.com.br/kayke-rodrigues.pages.net.br/1709557181/imagens/desktop/500053_1_170929645840478983.jpg]
[cdn.greatpages.com.br/kayke-rodrigues.pages.net.br/1709557181/imagens/desktop/500053_1_170929648949629317.jpg]
[cdn.greatpages.com.br/kayke-rodrigues.pages.net.br/1709557181/imagens/desktop/500053_1_170921520282217633.png]
[cdn.greatpages.com.br/kayke-rodrigues.pages.net.br/1709557181/imagens/desktop/500053_1_170929075421139552.png]
[cdn.greatpages.com.br/kayke-rodrigues.pages.net.br/1709557181/imagens/desktop/500053_1_170929256149692241.png]
[cdn.greatpages.com.br/kayke-rodrigues.pages.net.br/1709557181/imagens/desktop/500053_1_87503.png]
[cdn.greatpages.com.br/kayke-rodrigues.pages.net.br/1709557181/imagens/desktop/500053_1_13009.jpg]
[cdn.greatpages.com.br/kayke-rodrigues.pages.net.br/1709557181/imagens/desktop/500053_1_49254.jpg]
[cdn.greatpages.com.br/kayke-rodrigues.pages.net.br/1709557181/imagens/desktop/500053_1_34062.jpg]
[cdn.greatpages.com.br/kayke-rodrigues.pages.net.br/1709557181/imagens/desktop/500053_1_66408.jpg]
[cdn.greatpages.com.br/kayke-rodrigues.pages.net.br/1709557181/imagens/desktop/500053_1_66515.jpg]
[cdn.greatpages.com.br/kayke-rodrigues.pages.net.br/1709557181/imagens/desktop/500053_1_69059.jpg]
[cdn.greatpages.com.br/kayke-rodrigues.pages.net.br/1709557181/imagens/desktop/500053_1_170920719565e06e9b73b6b267421179.png]
[cdn.greatpages.com.br/kayke-rodrigues.pages.net.br/1709557181/imagens/mobile/500053_1_170920719565e06e9b7bce6563972819.png]
[cdn.greatpages.com.br/kayke-rodrigues.pages.net.br/1709557181/imagens/mobile/500053_1_170920719565e06e9b88f62626241341.png]
[cdn.greatpages.com.br/kayke-rodrigues.pages.net.br/1709557181/imagens/mobile/500053_1_170921156606490636.png]
[cdn.greatpages.com.br/kayke-rodrigues.pages.net.br/1709557181/imagens/mobile/500053_1_170921168386732267.png]
[cdn.greatpages.com.br/kayke-rodrigues.pages.net.br/1709557181/imagens/mobile/500053_1_170921169946762884.png]
[cdn.greatpages.com.br/kayke-rodrigues.pages.net.br/1709557181/imagens/mobile/500053_1_170929433086526914.jpg]
[cdn.greatpages.com.br/kayke-rodrigues.pages.net.br/1709557181/imagens/mobile/500053_1_170929460281225194.jpg]
[cdn.greatpages.com.br/kayke-rodrigues.pages.net.br/1709557181/imagens/mobile/500053_1_170929467123361818.jpg]
[cdn.greatpages.com.br/kayke-rodrigues.pages.net.br/1709557181/imagens/mobile/500053_1_170929471291085486.jpg]
[cdn.greatpages.com.br/kayke-rodrigues.pages.net.br/1709557181/imagens/mobile/500053_1_170929477642148878.jpg]
[cdn.greatpages.com.br/kayke-rodrigues.pages.net.br/1709557181/imagens/mobile/500053_1_170929628626927956.jpg]
[cdn.greatpages.com.br/kayke-rodrigues.pages.net.br/1709557181/imagens/mobile/500053_1_170929645840478983.jpg]
[cdn.greatpages.com.br/kayke-rodrigues.pages.net.br/1709557181/imagens/mobile/500053_1_170929648949629317.jpg]
[cdn.greatpages.com.br/kayke-rodrigues.pages.net.br/1709557181/imagens/mobile/500053_1_170921520282217633.png]
[cdn.greatpages.com.br/kayke-rodrigues.pages.net.br/1709557181/imagens/mobile/500053_1_170929075421139552.png]
[cdn.greatpages.com.br/kayke-rodrigues.pages.net.br/1709557181/imagens/mobile/500053_1_170929256149692241.png]
[cdn.greatpages.com.br/kayke-rodrigues.pages.net.br/1709557181/imagens/mobile/500053_1_87503.png]
[cdn.greatpages.com.br/kayke-rodrigues.pages.net.br/1709557181/imagens/mobile/500053_1_13009.jpg]
[cdn.greatpages.com.br/kayke-rodrigues.pages.net.br/1709557181/imagens/mobile/500053_1_49254.jpg]
[cdn.greatpages.com.br/kayke-rodrigues.pages.net.br/1709557181/imagens/mobile/500053_1_34062.jpg]
[cdn.greatpages.com.br/kayke-rodrigues.pages.net.br/1709557181/imagens/mobile/500053_1_66408.jpg]
[cdn.greatpages.com.br/kayke-rodrigues.pages.net.br/1709557181/imagens/mobile/500053_1_66515.jpg]
[cdn.greatpages.com.br/kayke-rodrigues.pages.net.br/1709557181/imagens/mobile/500053_1_69059.jpg]
[cdn.greatpages.com.br/kayke-rodrigues.pages.net.br/1709557181/imagens/mobile/500053_1_170920719565e06e9b73b6b267421179.png]
[cdn.greatpages.com.br/kayke-rodrigues.pages.net.br/1709557181/css.css]
[kayke-rodrigues.pages.net.br/index.html]
[cdn.greatpages.com.br/kayke-rodrigues.pages.net.br/1709557181/css.css]
[cdn.greatpages.com.br/kayke-rodrigues.pages.net.br/1709557181/js.js]
